  [1m[35m (4.1ms)[0m  [1m[35mCREATE TABLE "schema_migrations" ("version" varchar NOT NULL PRIMARY KEY)[0m
  [1m[35m (0.2ms)[0m  [1m[35mCREATE TABLE "ar_internal_metadata" ("key" varchar NOT NULL PRIMARY KEY, "value" varchar, "created_at" datetime(6) NOT NULL, "updated_at" datetime(6) NOT NULL)[0m
  [1m[36mActiveRecord::InternalMetadata Load (0.4ms)[0m  [1m[34mSELECT * FROM "ar_internal_metadata" WHERE "ar_internal_metadata"."key" = ? ORDER BY "ar_internal_metadata"."key" ASC LIMIT 1[0m  [[nil, "environment"]]
  [1m[36mActiveRecord::InternalMetadata Create (0.3ms)[0m  [1m[32mINSERT INTO "ar_internal_metadata" ("key", "value", "created_at", "updated_at") VALUES ('environment', 'development', '2025-06-27 23:44:22.858392', '2025-06-27 23:44:22.858399') RETURNING "key"[0m
  [1m[36mActiveRecord::SchemaMigration Load (0.1ms)[0m  [1m[34mSELECT "schema_migrations"."version" FROM "schema_migrations" ORDER BY "schema_migrations"."version" ASC[0m
Migrating to CreateProductos (20250627234329)
  [1m[36mTRANSACTION (0.1ms)[0m  [1m[36mbegin transaction[0m
  [1m[35m (2.2ms)[0m  [1m[35mCREATE TABLE "productos" ("id" integer PRIMARY KEY AUTOINCREMENT NOT NULL, "nombre" varchar, "precio" decimal, "stock" integer, "created_at" datetime(6) NOT NULL, "updated_at" datetime(6) NOT NULL)[0m
  [1m[36mActiveRecord::SchemaMigration Create (0.4ms)[0m  [1m[32mINSERT INTO "schema_migrations" ("version") VALUES ('20250627234329') RETURNING "version"[0m
  [1m[36mTRANSACTION (0.1ms)[0m  [1m[36mcommit transaction[0m
Migrating to CreateMovimientos (20250627234335)
  [1m[36mTRANSACTION (0.1ms)[0m  [1m[36mbegin transaction[0m
  [1m[35m (1.5ms)[0m  [1m[35mCREATE TABLE "movimientos" ("id" integer PRIMARY KEY AUTOINCREMENT NOT NULL, "producto_id" integer NOT NULL, "cantidad" integer, "tipo" varchar, "nota" varchar, "created_at" datetime(6) NOT NULL, "updated_at" datetime(6) NOT NULL, CONSTRAINT "fk_rails_3e151d0f6d"
FOREIGN KEY ("producto_id")
  REFERENCES "productos" ("id")
)[0m
  [1m[35m (0.2ms)[0m  [1m[35mCREATE INDEX "index_movimientos_on_producto_id" ON "movimientos" ("producto_id")[0m
  [1m[36mActiveRecord::SchemaMigration Create (0.3ms)[0m  [1m[32mINSERT INTO "schema_migrations" ("version") VALUES ('20250627234335') RETURNING "version"[0m
  [1m[36mTRANSACTION (0.6ms)[0m  [1m[36mcommit transaction[0m
Migrating to CreateClientes (20250627234342)
  [1m[36mTRANSACTION (0.1ms)[0m  [1m[36mbegin transaction[0m
  [1m[35m (3.9ms)[0m  [1m[35mCREATE TABLE "clientes" ("id" integer PRIMARY KEY AUTOINCREMENT NOT NULL, "nombre" varchar, "correo" varchar, "direccion" varchar, "created_at" datetime(6) NOT NULL, "updated_at" datetime(6) NOT NULL)[0m
  [1m[36mActiveRecord::SchemaMigration Create (0.3ms)[0m  [1m[32mINSERT INTO "schema_migrations" ("version") VALUES ('20250627234342') RETURNING "version"[0m
  [1m[36mTRANSACTION (0.1ms)[0m  [1m[36mcommit transaction[0m
Migrating to CreateTasas (20250627234355)
  [1m[36mTRANSACTION (0.1ms)[0m  [1m[36mbegin transaction[0m
  [1m[35m (2.7ms)[0m  [1m[35mCREATE TABLE "tasas" ("id" integer PRIMARY KEY AUTOINCREMENT NOT NULL, "nombre" varchar, "porcentaje" decimal, "created_at" datetime(6) NOT NULL, "updated_at" datetime(6) NOT NULL)[0m
  [1m[36mActiveRecord::SchemaMigration Create (0.3ms)[0m  [1m[32mINSERT INTO "schema_migrations" ("version") VALUES ('20250627234355') RETURNING "version"[0m
  [1m[36mTRANSACTION (0.2ms)[0m  [1m[36mcommit transaction[0m
Migrating to CreateFacturas (20250627234404)
  [1m[36mTRANSACTION (0.1ms)[0m  [1m[36mbegin transaction[0m
  [1m[35m (1.6ms)[0m  [1m[35mCREATE TABLE "facturas" ("id" integer PRIMARY KEY AUTOINCREMENT NOT NULL, "cliente_id" integer NOT NULL, "numero" integer, "subtotal" decimal, "total" decimal, "created_at" datetime(6) NOT NULL, "updated_at" datetime(6) NOT NULL, CONSTRAINT "fk_rails_c1da424846"
FOREIGN KEY ("cliente_id")
  REFERENCES "clientes" ("id")
)[0m
  [1m[35m (0.1ms)[0m  [1m[35mCREATE INDEX "index_facturas_on_cliente_id" ON "facturas" ("cliente_id")[0m
  [1m[36mActiveRecord::SchemaMigration Create (0.3ms)[0m  [1m[32mINSERT INTO "schema_migrations" ("version") VALUES ('20250627234404') RETURNING "version"[0m
  [1m[36mTRANSACTION (0.4ms)[0m  [1m[36mcommit transaction[0m
Migrating to CreateDetalleFacturas (20250627234413)
  [1m[36mTRANSACTION (0.1ms)[0m  [1m[36mbegin transaction[0m
  [1m[35m (1.4ms)[0m  [1m[35mCREATE TABLE "detalle_facturas" ("id" integer PRIMARY KEY AUTOINCREMENT NOT NULL, "factura_id" integer NOT NULL, "producto_id" integer NOT NULL, "cantidad" integer, "precio_unitario" decimal, "tasa_id" integer NOT NULL, "created_at" datetime(6) NOT NULL, "updated_at" datetime(6) NOT NULL, CONSTRAINT "fk_rails_1a9aeb3114"
FOREIGN KEY ("factura_id")
  REFERENCES "facturas" ("id")
, CONSTRAINT "fk_rails_0a3f83598c"
FOREIGN KEY ("producto_id")
  REFERENCES "productos" ("id")
, CONSTRAINT "fk_rails_0d73f41fa9"
FOREIGN KEY ("tasa_id")
  REFERENCES "tasas" ("id")
)[0m
  [1m[35m (0.1ms)[0m  [1m[35mCREATE INDEX "index_detalle_facturas_on_factura_id" ON "detalle_facturas" ("factura_id")[0m
  [1m[35m (0.1ms)[0m  [1m[35mCREATE INDEX "index_detalle_facturas_on_producto_id" ON "detalle_facturas" ("producto_id")[0m
  [1m[35m (0.1ms)[0m  [1m[35mCREATE INDEX "index_detalle_facturas_on_tasa_id" ON "detalle_facturas" ("tasa_id")[0m
  [1m[36mActiveRecord::SchemaMigration Create (0.2ms)[0m  [1m[32mINSERT INTO "schema_migrations" ("version") VALUES ('20250627234413') RETURNING "version"[0m
  [1m[36mTRANSACTION (0.4ms)[0m  [1m[36mcommit transaction[0m
  [1m[36mActiveRecord::SchemaMigration Load (0.0ms)[0m  [1m[34mSELECT "schema_migrations"."version" FROM "schema_migrations" ORDER BY "schema_migrations"."version" ASC[0m
Started GET "/" for ::1 at 2025-06-27 18:02:38 -0600
  [1m[36mActiveRecord::SchemaMigration Load (0.2ms)[0m  [1m[34mSELECT "schema_migrations"."version" FROM "schema_migrations" ORDER BY "schema_migrations"."version" ASC[0m
Processing by ProductosController#index as HTML
  Rendering layout layouts/application.html.erb
  Rendering productos/index.html.erb within layouts/application
  [1m[36mProducto Load (0.2ms)[0m  [1m[34mSELECT "productos".* FROM "productos"[0m
  ↳ app/views/productos/index.html.erb:14
  Rendered productos/index.html.erb within layouts/application (Duration: 14.7ms | Allocations: 1321)
  Rendered layout layouts/application.html.erb (Duration: 48.0ms | Allocations: 7599)
Completed 500 Internal Server Error in 597ms (ActiveRecord: 11.0ms | Allocations: 28184)


  
ActionView::Template::Error (The asset "application.css" is not present in the asset pipeline.
):
     5:     <%= csrf_meta_tags %>
     6:     <%= csp_meta_tag %>
     7: 
     8:     <%= stylesheet_link_tag "application", "data-turbo-track": "reload" %>
     9:     <%= javascript_include_tag "application", "data-turbo-track": "reload", defer: true %>
    10:   </head>
    11: 
  
app/views/layouts/application.html.erb:8
Started GET "/" for ::1 at 2025-06-27 18:04:22 -0600
Processing by ProductosController#index as HTML
  Rendering layout layouts/application.html.erb
  Rendering productos/index.html.erb within layouts/application
  [1m[36mProducto Load (0.1ms)[0m  [1m[34mSELECT "productos".* FROM "productos"[0m
  ↳ app/views/productos/index.html.erb:14
  Rendered productos/index.html.erb within layouts/application (Duration: 7.4ms | Allocations: 1052)
  Rendered layout layouts/application.html.erb (Duration: 34.7ms | Allocations: 5630)
Completed 500 Internal Server Error in 149ms (ActiveRecord: 5.9ms | Allocations: 8107)


  
ActionView::Template::Error (The asset "application.css" is not present in the asset pipeline.
):
     5:     <%= csrf_meta_tags %>
     6:     <%= csp_meta_tag %>
     7: 
     8:     <%= stylesheet_link_tag "application", "data-turbo-track": "reload", media: "all", "data-turbo-track": "reload" %>
     9:     <%= javascript_include_tag "application", type: "module", "data-turbo-track": "reload" %>
    10: 
    11:   </head>
  
app/views/layouts/application.html.erb:8
Started GET "/" for ::1 at 2025-06-27 18:08:10 -0600
  [1m[36mActiveRecord::SchemaMigration Load (0.2ms)[0m  [1m[34mSELECT "schema_migrations"."version" FROM "schema_migrations" ORDER BY "schema_migrations"."version" ASC[0m
Processing by ProductosController#index as HTML
  Rendering layout layouts/application.html.erb
  Rendering productos/index.html.erb within layouts/application
  [1m[36mProducto Load (0.1ms)[0m  [1m[34mSELECT "productos".* FROM "productos"[0m
  ↳ app/views/productos/index.html.erb:14
  Rendered productos/index.html.erb within layouts/application (Duration: 8.7ms | Allocations: 1320)
  Rendered layout layouts/application.html.erb (Duration: 35.9ms | Allocations: 6834)
Completed 500 Internal Server Error in 189ms (ActiveRecord: 5.5ms | Allocations: 19448)


  
ActionView::Template::Error (The asset "application.css" is not present in the asset pipeline.
):
     5:     <%= csrf_meta_tags %>
     6:     <%= csp_meta_tag %>
     7: 
     8:     <%= stylesheet_link_tag "application", "data-turbo-track": "reload", media: "all" %>
     9:     <%= javascript_include_tag "application", type: "module", "data-turbo-track": "reload" %>
    10: 
    11: 
  
app/views/layouts/application.html.erb:8
Started GET "/" for ::1 at 2025-06-27 18:08:15 -0600
Processing by ProductosController#index as HTML
  Rendering layout layouts/application.html.erb
  Rendering productos/index.html.erb within layouts/application
  [1m[36mProducto Load (0.1ms)[0m  [1m[34mSELECT "productos".* FROM "productos"[0m
  ↳ app/views/productos/index.html.erb:14
  Rendered productos/index.html.erb within layouts/application (Duration: 2.4ms | Allocations: 374)
  Rendered layout layouts/application.html.erb (Duration: 39.8ms | Allocations: 4527)
Completed 500 Internal Server Error in 42ms (ActiveRecord: 0.1ms | Allocations: 4777)


  
ActionView::Template::Error (The asset "application.css" is not present in the asset pipeline.
):
     5:     <%= csrf_meta_tags %>
     6:     <%= csp_meta_tag %>
     7: 
     8:     <%= stylesheet_link_tag "application", "data-turbo-track": "reload", media: "all" %>
     9:     <%= javascript_include_tag "application", type: "module", "data-turbo-track": "reload" %>
    10: 
    11: 
  
app/views/layouts/application.html.erb:8
Started GET "/" for ::1 at 2025-06-27 18:11:28 -0600
Processing by ProductosController#index as HTML
  Rendering layout layouts/application.html.erb
  Rendering productos/index.html.erb within layouts/application
  [1m[36mProducto Load (0.1ms)[0m  [1m[34mSELECT "productos".* FROM "productos"[0m
  ↳ app/views/productos/index.html.erb:14
  Rendered productos/index.html.erb within layouts/application (Duration: 2.0ms | Allocations: 372)
  Rendered layout layouts/application.html.erb (Duration: 730.2ms | Allocations: 78637)
Completed 500 Internal Server Error in 733ms (ActiveRecord: 0.1ms | Allocations: 78888)


  
ActionView::Template::Error (Permission denied @ rb_file_s_rename - (C:/Users/User/Desktop/Proyecto4Lenguajes/tmp/cache/assets/sprockets/v4.0.0/vd/vdYty8nELucBc1opWvsUDxZrmE7VbEdEn5ZECg4BdNk.cache.29120.32936.786581, C:/Users/User/Desktop/Proyecto4Lenguajes/tmp/cache/assets/sprockets/v4.0.0/vd/vdYty8nELucBc1opWvsUDxZrmE7VbEdEn5ZECg4BdNk.cache)):
  
sprockets (4.2.2) lib/sprockets/path_utils.rb:362:in `rename'
sprockets (4.2.2) lib/sprockets/path_utils.rb:362:in `atomic_write'
sprockets (4.2.2) lib/sprockets/cache/file_store.rb:112:in `set'
sprockets (4.2.2) lib/sprockets/cache.rb:227:in `set'
sprockets (4.2.2) lib/sprockets/cache.rb:143:in `set'
sprockets (4.2.2) lib/sprockets/loader.rb:343:in `fetch_asset_from_dependency_cache'
sprockets (4.2.2) lib/sprockets/loader.rb:43:in `load'
sprockets (4.2.2) lib/sprockets/cached_environment.rb:44:in `block in load'
concurrent-ruby (1.3.5) lib/concurrent-ruby/concurrent/map.rb:207:in `block in fetch_or_store'
concurrent-ruby (1.3.5) lib/concurrent-ruby/concurrent/map.rb:187:in `fetch'
concurrent-ruby (1.3.5) lib/concurrent-ruby/concurrent/map.rb:206:in `fetch_or_store'
sprockets (4.2.2) lib/sprockets/cached_environment.rb:44:in `load'
sprockets (4.2.2) lib/sprockets/bundle.rb:32:in `block in call'
C:/Ruby32-x64/lib/ruby/3.2.0/set.rb:511:in `each_key'
C:/Ruby32-x64/lib/ruby/3.2.0/set.rb:511:in `each'
sprockets (4.2.2) lib/sprockets/bundle.rb:31:in `call'
sprockets (4.2.2) lib/sprockets/processor_utils.rb:84:in `call_processor'
sprockets (4.2.2) lib/sprockets/processor_utils.rb:66:in `block in call_processors'
sprockets (4.2.2) lib/sprockets/processor_utils.rb:65:in `reverse_each'
sprockets (4.2.2) lib/sprockets/processor_utils.rb:65:in `call_processors'
sprockets (4.2.2) lib/sprockets/loader.rb:184:in `load_from_unloaded'
sprockets (4.2.2) lib/sprockets/loader.rb:59:in `block in load'
sprockets (4.2.2) lib/sprockets/loader.rb:339:in `fetch_asset_from_dependency_cache'
sprockets (4.2.2) lib/sprockets/loader.rb:43:in `load'
sprockets (4.2.2) lib/sprockets/cached_environment.rb:44:in `block in load'
concurrent-ruby (1.3.5) lib/concurrent-ruby/concurrent/map.rb:207:in `block in fetch_or_store'
concurrent-ruby (1.3.5) lib/concurrent-ruby/concurrent/map.rb:187:in `fetch'
concurrent-ruby (1.3.5) lib/concurrent-ruby/concurrent/map.rb:206:in `fetch_or_store'
sprockets (4.2.2) lib/sprockets/cached_environment.rb:44:in `load'
sprockets (4.2.2) lib/sprockets/base.rb:81:in `find_asset'
sprockets (4.2.2) lib/sprockets/base.rb:88:in `find_all_linked_assets'
sprockets (4.2.2) lib/sprockets/manifest.rb:125:in `each'
sprockets (4.2.2) lib/sprockets/manifest.rb:125:in `to_a'
sprockets (4.2.2) lib/sprockets/manifest.rb:125:in `block (2 levels) in find'
concurrent-ruby (1.3.5) lib/concurrent-ruby/concurrent/executor/safe_task_executor.rb:24:in `block in execute'
concurrent-ruby (1.3.5) lib/concurrent-ruby/concurrent/synchronization/mutex_lockable_object.rb:48:in `block in synchronize'
concurrent-ruby (1.3.5) lib/concurrent-ruby/concurrent/synchronization/mutex_lockable_object.rb:48:in `synchronize'
concurrent-ruby (1.3.5) lib/concurrent-ruby/concurrent/synchronization/mutex_lockable_object.rb:48:in `synchronize'
concurrent-ruby (1.3.5) lib/concurrent-ruby/concurrent/executor/safe_task_executor.rb:22:in `execute'
concurrent-ruby (1.3.5) lib/concurrent-ruby/concurrent/promise.rb:564:in `block in realize'
concurrent-ruby (1.3.5) lib/concurrent-ruby/concurrent/executor/ruby_thread_pool_executor.rb:359:in `run_task'
concurrent-ruby (1.3.5) lib/concurrent-ruby/concurrent/executor/ruby_thread_pool_executor.rb:350:in `block (3 levels) in create_worker'
concurrent-ruby (1.3.5) lib/concurrent-ruby/concurrent/executor/ruby_thread_pool_executor.rb:341:in `loop'
concurrent-ruby (1.3.5) lib/concurrent-ruby/concurrent/executor/ruby_thread_pool_executor.rb:341:in `block (2 levels) in create_worker'
concurrent-ruby (1.3.5) lib/concurrent-ruby/concurrent/executor/ruby_thread_pool_executor.rb:340:in `catch'
concurrent-ruby (1.3.5) lib/concurrent-ruby/concurrent/executor/ruby_thread_pool_executor.rb:340:in `block in create_worker'
Started GET "/" for 127.0.0.1 at 2025-06-27 18:11:53 -0600
  [1m[36mActiveRecord::SchemaMigration Load (0.2ms)[0m  [1m[34mSELECT "schema_migrations"."version" FROM "schema_migrations" ORDER BY "schema_migrations"."version" ASC[0m
Processing by ProductosController#index as HTML
  Rendering layout layouts/application.html.erb
  Rendering productos/index.html.erb within layouts/application
  [1m[36mProducto Load (0.1ms)[0m  [1m[34mSELECT "productos".* FROM "productos"[0m
  ↳ app/views/productos/index.html.erb:14
  Rendered productos/index.html.erb within layouts/application (Duration: 5.2ms | Allocations: 1320)
  Rendered layout layouts/application.html.erb (Duration: 214.5ms | Allocations: 38769)
Completed 500 Internal Server Error in 282ms (ActiveRecord: 3.4ms | Allocations: 51381)


  
ActionView::Template::Error (Asset `application.css` was not declared to be precompiled in production.
Declare links to your assets in `app/assets/config/manifest.js`.

  //= link application.css

and restart your server):
     5:     <%= csrf_meta_tags %>
     6:     <%= csp_meta_tag %>
     7: 
     8:     <%= stylesheet_link_tag "application", "data-turbo-track": "reload", media: "all" %>
     9:     <%= javascript_include_tag "application", type: "module", "data-turbo-track": "reload" %>
    10: 
    11: 
  
app/views/layouts/application.html.erb:8
Started GET "/" for ::1 at 2025-06-27 18:16:00 -0600
  [1m[36mActiveRecord::SchemaMigration Load (0.2ms)[0m  [1m[34mSELECT "schema_migrations"."version" FROM "schema_migrations" ORDER BY "schema_migrations"."version" ASC[0m
Processing by ProductosController#index as HTML
  Rendering layout layouts/application.html.erb
  Rendering productos/index.html.erb within layouts/application
  [1m[36mProducto Load (1.0ms)[0m  [1m[34mSELECT "productos".* FROM "productos"[0m
  ↳ app/views/productos/index.html.erb:14
  Rendered productos/index.html.erb within layouts/application (Duration: 11.8ms | Allocations: 1320)
  Rendered layout layouts/application.html.erb (Duration: 417.6ms | Allocations: 40001)
Completed 200 OK in 488ms (Views: 418.5ms | ActiveRecord: 13.0ms | Allocations: 52655)


  
ActionController::RoutingError (No route matches [GET] "/assets/tailwindcss"):
  
Started GET "/clientes" for ::1 at 2025-06-27 18:16:03 -0600
Processing by ClientesController#index as HTML
  Rendering layout layouts/application.html.erb
  Rendering clientes/index.html.erb within layouts/application
  [1m[36mCliente Load (0.2ms)[0m  [1m[34mSELECT "clientes".* FROM "clientes"[0m
  ↳ app/views/clientes/index.html.erb:6
  Rendered clientes/index.html.erb within layouts/application (Duration: 6.9ms | Allocations: 952)
  Rendered layout layouts/application.html.erb (Duration: 25.5ms | Allocations: 2748)
Completed 200 OK in 119ms (Views: 46.7ms | ActiveRecord: 0.2ms | Allocations: 4222)


Started GET "/movimientos" for ::1 at 2025-06-27 18:16:06 -0600
Processing by MovimientosController#index as HTML
  Rendering layout layouts/application.html.erb
  Rendering movimientos/index.html.erb within layouts/application
  [1m[36mMovimiento Load (0.4ms)[0m  [1m[34mSELECT "movimientos".* FROM "movimientos" ORDER BY "movimientos"."created_at" DESC[0m
  ↳ app/views/movimientos/index.html.erb:3
  Rendered movimientos/index.html.erb within layouts/application (Duration: 43.4ms | Allocations: 2139)
  Rendered layout layouts/application.html.erb (Duration: 73.6ms | Allocations: 4172)
Completed 200 OK in 228ms (Views: 85.9ms | ActiveRecord: 1.3ms | Allocations: 7399)


Started GET "/tasas" for ::1 at 2025-06-27 18:16:07 -0600
Started GET "/facturas" for ::1 at 2025-06-27 18:16:07 -0600
Processing by TasasController#index as HTML
  Rendering layout layouts/application.html.erb
  Rendering tasas/index.html.erb within layouts/application
  [1m[36mTasa Load (0.2ms)[0m  [1m[34mSELECT "tasas".* FROM "tasas"[0m
  ↳ app/views/tasas/index.html.erb:6
  Rendered tasas/index.html.erb within layouts/application (Duration: 9.4ms | Allocations: 955)
  Rendered layout layouts/application.html.erb (Duration: 43.2ms | Allocations: 2785)
Completed 200 OK in 118ms (Views: 60.0ms | ActiveRecord: 0.2ms | Allocations: 4271)


  
Zeitwerk::NameError (expected file C:/Users/User/Desktop/Proyecto4Lenguajes/app/controllers/facturas_controller.rb to define constant FacturasController, but didn't):
  
zeitwerk (2.7.3) lib/zeitwerk/loader/callbacks.rb:31:in `on_file_autoloaded'
zeitwerk (2.7.3) lib/zeitwerk/core_ext/kernel.rb:27:in `require'
activesupport (7.1.5.1) lib/active_support/inflector/methods.rb:290:in `const_get'
activesupport (7.1.5.1) lib/active_support/inflector/methods.rb:290:in `constantize'
activesupport (7.1.5.1) lib/active_support/core_ext/string/inflections.rb:74:in `constantize'
actionpack (7.1.5.1) lib/action_dispatch/http/request.rb:90:in `controller_class_for'
actionpack (7.1.5.1) lib/action_dispatch/request/utils.rb:100:in `action_encoding_template'
actionpack (7.1.5.1) lib/action_dispatch/request/utils.rb:85:in `encode'
actionpack (7.1.5.1) lib/action_dispatch/request/utils.rb:45:in `set_binary_encoding'
actionpack (7.1.5.1) lib/action_dispatch/http/parameters.rb:68:in `path_parameters='
actionpack (7.1.5.1) lib/action_dispatch/journey/router.rb:48:in `block in serve'
actionpack (7.1.5.1) lib/action_dispatch/journey/router.rb:131:in `block in find_routes'
actionpack (7.1.5.1) lib/action_dispatch/journey/router.rb:124:in `each'
actionpack (7.1.5.1) lib/action_dispatch/journey/router.rb:124:in `find_routes'
actionpack (7.1.5.1) lib/action_dispatch/journey/router.rb:32:in `serve'
actionpack (7.1.5.1) lib/action_dispatch/routing/route_set.rb:882:in `call'
rack (3.1.16) lib/rack/tempfile_reaper.rb:20:in `call'
rack (3.1.16) lib/rack/etag.rb:29:in `call'
rack (3.1.16) lib/rack/conditional_get.rb:31:in `call'
rack (3.1.16) lib/rack/head.rb:15:in `call'
actionpack (7.1.5.1) lib/action_dispatch/http/permissions_policy.rb:36:in `call'
actionpack (7.1.5.1) lib/action_dispatch/http/content_security_policy.rb:36:in `call'
rack-session (2.1.1) lib/rack/session/abstract/id.rb:274:in `context'
rack-session (2.1.1) lib/rack/session/abstract/id.rb:268:in `call'
actionpack (7.1.5.1) lib/action_dispatch/middleware/cookies.rb:689:in `call'
activerecord (7.1.5.1) lib/active_record/migration.rb:655:in `call'
actionpack (7.1.5.1) lib/action_dispatch/middleware/callbacks.rb:29:in `block in call'
activesupport (7.1.5.1) lib/active_support/callbacks.rb:101:in `run_callbacks'
actionpack (7.1.5.1) lib/action_dispatch/middleware/callbacks.rb:28:in `call'
actionpack (7.1.5.1) lib/action_dispatch/middleware/executor.rb:14:in `call'
actionpack (7.1.5.1) lib/action_dispatch/middleware/actionable_exceptions.rb:16:in `call'
actionpack (7.1.5.1) lib/action_dispatch/middleware/debug_exceptions.rb:29:in `call'
web-console (4.2.1) lib/web_console/middleware.rb:132:in `call_app'
web-console (4.2.1) lib/web_console/middleware.rb:28:in `block in call'
web-console (4.2.1) lib/web_console/middleware.rb:17:in `catch'
web-console (4.2.1) lib/web_console/middleware.rb:17:in `call'
actionpack (7.1.5.1) lib/action_dispatch/middleware/show_exceptions.rb:31:in `call'
railties (7.1.5.1) lib/rails/rack/logger.rb:37:in `call_app'
railties (7.1.5.1) lib/rails/rack/logger.rb:24:in `block in call'
activesupport (7.1.5.1) lib/active_support/tagged_logging.rb:139:in `block in tagged'
activesupport (7.1.5.1) lib/active_support/tagged_logging.rb:39:in `tagged'
activesupport (7.1.5.1) lib/active_support/tagged_logging.rb:139:in `tagged'
activesupport (7.1.5.1) lib/active_support/broadcast_logger.rb:241:in `method_missing'
railties (7.1.5.1) lib/rails/rack/logger.rb:24:in `call'
sprockets-rails (3.5.2) lib/sprockets/rails/quiet_assets.rb:17:in `call'
actionpack (7.1.5.1) lib/action_dispatch/middleware/remote_ip.rb:92:in `call'
actionpack (7.1.5.1) lib/action_dispatch/middleware/request_id.rb:28:in `call'
rack (3.1.16) lib/rack/method_override.rb:28:in `call'
rack (3.1.16) lib/rack/runtime.rb:24:in `call'
activesupport (7.1.5.1) lib/active_support/cache/strategy/local_cache_middleware.rb:29:in `call'
actionpack (7.1.5.1) lib/action_dispatch/middleware/server_timing.rb:59:in `block in call'
actionpack (7.1.5.1) lib/action_dispatch/middleware/server_timing.rb:24:in `collect_events'
actionpack (7.1.5.1) lib/action_dispatch/middleware/server_timing.rb:58:in `call'
actionpack (7.1.5.1) lib/action_dispatch/middleware/executor.rb:14:in `call'
actionpack (7.1.5.1) lib/action_dispatch/middleware/static.rb:25:in `call'
rack (3.1.16) lib/rack/sendfile.rb:114:in `call'
actionpack (7.1.5.1) lib/action_dispatch/middleware/host_authorization.rb:141:in `call'
railties (7.1.5.1) lib/rails/engine.rb:536:in `call'
puma (6.6.0) lib/puma/configuration.rb:279:in `call'
puma (6.6.0) lib/puma/request.rb:99:in `block in handle_request'
puma (6.6.0) lib/puma/thread_pool.rb:390:in `with_force_shutdown'
puma (6.6.0) lib/puma/request.rb:98:in `handle_request'
puma (6.6.0) lib/puma/server.rb:472:in `process_client'
puma (6.6.0) lib/puma/server.rb:254:in `block in run'
puma (6.6.0) lib/puma/thread_pool.rb:167:in `block in spawn_thread'
Started GET "/movimientos" for ::1 at 2025-06-27 18:16:08 -0600
Processing by MovimientosController#index as HTML
  Rendering layout layouts/application.html.erb
  Rendering movimientos/index.html.erb within layouts/application
  [1m[36mMovimiento Load (0.1ms)[0m  [1m[34mSELECT "movimientos".* FROM "movimientos" ORDER BY "movimientos"."created_at" DESC[0m
  ↳ app/views/movimientos/index.html.erb:3
  Rendered movimientos/index.html.erb within layouts/application (Duration: 1.3ms | Allocations: 418)
  Rendered layout layouts/application.html.erb (Duration: 224.4ms | Allocations: 2505)
Completed 200 OK in 227ms (Views: 226.4ms | ActiveRecord: 0.1ms | Allocations: 2834)


Started GET "/productos" for ::1 at 2025-06-27 18:16:10 -0600
Processing by ProductosController#index as HTML
  Rendering layout layouts/application.html.erb
  Rendering productos/index.html.erb within layouts/application
  [1m[36mProducto Load (0.2ms)[0m  [1m[34mSELECT "productos".* FROM "productos"[0m
  ↳ app/views/productos/index.html.erb:14
  Rendered productos/index.html.erb within layouts/application (Duration: 2.1ms | Allocations: 367)
  Rendered layout layouts/application.html.erb (Duration: 12.4ms | Allocations: 2355)
Completed 200 OK in 15ms (Views: 14.8ms | ActiveRecord: 0.2ms | Allocations: 2606)


Started GET "/movimientos" for ::1 at 2025-06-27 18:16:10 -0600
Processing by MovimientosController#index as HTML
  Rendering layout layouts/application.html.erb
  Rendering movimientos/index.html.erb within layouts/application
  [1m[36mMovimiento Load (0.1ms)[0m  [1m[34mSELECT "movimientos".* FROM "movimientos" ORDER BY "movimientos"."created_at" DESC[0m
  ↳ app/views/movimientos/index.html.erb:3
  Rendered movimientos/index.html.erb within layouts/application (Duration: 2.6ms | Allocations: 413)
  Rendered layout layouts/application.html.erb (Duration: 14.9ms | Allocations: 2431)
Completed 200 OK in 17ms (Views: 16.3ms | ActiveRecord: 0.1ms | Allocations: 2713)


Started GET "/clientes" for ::1 at 2025-06-27 18:16:11 -0600
Processing by ClientesController#index as HTML
  Rendering layout layouts/application.html.erb
  Rendering clientes/index.html.erb within layouts/application
  [1m[36mCliente Load (0.1ms)[0m  [1m[34mSELECT "clientes".* FROM "clientes"[0m
  ↳ app/views/clientes/index.html.erb:6
  Rendered clientes/index.html.erb within layouts/application (Duration: 4.2ms | Allocations: 641)
  Rendered layout layouts/application.html.erb (Duration: 27.2ms | Allocations: 2401)
Completed 200 OK in 29ms (Views: 28.8ms | ActiveRecord: 0.1ms | Allocations: 2652)


Started GET "/tasas" for ::1 at 2025-06-27 18:16:12 -0600
Processing by TasasController#index as HTML
  Rendering layout layouts/application.html.erb
  Rendering tasas/index.html.erb within layouts/application
  [1m[36mTasa Load (0.2ms)[0m  [1m[34mSELECT "tasas".* FROM "tasas"[0m
  ↳ app/views/tasas/index.html.erb:6
  Rendered tasas/index.html.erb within layouts/application (Duration: 4.9ms | Allocations: 640)
  Rendered layout layouts/application.html.erb (Duration: 21.5ms | Allocations: 2400)
Completed 200 OK in 25ms (Views: 24.1ms | ActiveRecord: 0.2ms | Allocations: 2650)


Started GET "/movimientos" for ::1 at 2025-06-27 18:16:13 -0600
Processing by MovimientosController#index as HTML
  Rendering layout layouts/application.html.erb
  Rendering movimientos/index.html.erb within layouts/application
  [1m[36mMovimiento Load (0.2ms)[0m  [1m[34mSELECT "movimientos".* FROM "movimientos" ORDER BY "movimientos"."created_at" DESC[0m
  ↳ app/views/movimientos/index.html.erb:3
  Rendered movimientos/index.html.erb within layouts/application (Duration: 3.4ms | Allocations: 413)
  Rendered layout layouts/application.html.erb (Duration: 24.1ms | Allocations: 2422)
Completed 200 OK in 27ms (Views: 25.9ms | ActiveRecord: 0.2ms | Allocations: 2704)


Started GET "/clientes" for ::1 at 2025-06-27 18:16:19 -0600
Processing by ClientesController#index as HTML
  Rendering layout layouts/application.html.erb
  Rendering clientes/index.html.erb within layouts/application
  [1m[36mCliente Load (0.1ms)[0m  [1m[34mSELECT "clientes".* FROM "clientes"[0m
  ↳ app/views/clientes/index.html.erb:6
  Rendered clientes/index.html.erb within layouts/application (Duration: 3.3ms | Allocations: 637)
  Rendered layout layouts/application.html.erb (Duration: 16.7ms | Allocations: 2397)
Completed 200 OK in 20ms (Views: 19.1ms | ActiveRecord: 0.1ms | Allocations: 2647)


Started GET "/movimientos" for ::1 at 2025-06-27 18:16:20 -0600
Processing by MovimientosController#index as HTML
  Rendering layout layouts/application.html.erb
  Rendering movimientos/index.html.erb within layouts/application
  [1m[36mMovimiento Load (0.2ms)[0m  [1m[34mSELECT "movimientos".* FROM "movimientos" ORDER BY "movimientos"."created_at" DESC[0m
  ↳ app/views/movimientos/index.html.erb:3
  Rendered movimientos/index.html.erb within layouts/application (Duration: 2.9ms | Allocations: 413)
  Rendered layout layouts/application.html.erb (Duration: 20.7ms | Allocations: 2425)
Completed 200 OK in 23ms (Views: 22.4ms | ActiveRecord: 0.2ms | Allocations: 2707)


Started GET "/clientes" for ::1 at 2025-06-27 18:16:20 -0600
Processing by ClientesController#index as HTML
  Rendering layout layouts/application.html.erb
  Rendering clientes/index.html.erb within layouts/application
  [1m[36mCliente Load (0.1ms)[0m  [1m[34mSELECT "clientes".* FROM "clientes"[0m
  ↳ app/views/clientes/index.html.erb:6
  Rendered clientes/index.html.erb within layouts/application (Duration: 3.5ms | Allocations: 643)
  Rendered layout layouts/application.html.erb (Duration: 26.1ms | Allocations: 2403)
Completed 200 OK in 29ms (Views: 28.2ms | ActiveRecord: 0.1ms | Allocations: 2653)


Started GET "/tasas" for ::1 at 2025-06-27 18:16:21 -0600
Processing by TasasController#index as HTML
  Rendering layout layouts/application.html.erb
  Rendering tasas/index.html.erb within layouts/application
  [1m[36mTasa Load (0.1ms)[0m  [1m[34mSELECT "tasas".* FROM "tasas"[0m
  ↳ app/views/tasas/index.html.erb:6
  Rendered tasas/index.html.erb within layouts/application (Duration: 1.7ms | Allocations: 625)
  Rendered layout layouts/application.html.erb (Duration: 9.8ms | Allocations: 2385)
Completed 200 OK in 11ms (Views: 10.7ms | ActiveRecord: 0.1ms | Allocations: 2635)


Started GET "/facturas" for ::1 at 2025-06-27 18:16:22 -0600
  
ActionController::RoutingError (uninitialized constant FacturasController):
  
Started GET "/tasas" for ::1 at 2025-06-27 18:16:26 -0600
Processing by TasasController#index as HTML
  Rendering layout layouts/application.html.erb
  Rendering tasas/index.html.erb within layouts/application
  [1m[36mTasa Load (0.2ms)[0m  [1m[34mSELECT "tasas".* FROM "tasas"[0m
  ↳ app/views/tasas/index.html.erb:6
  Rendered tasas/index.html.erb within layouts/application (Duration: 4.2ms | Allocations: 640)
  Rendered layout layouts/application.html.erb (Duration: 31.1ms | Allocations: 2409)
Completed 200 OK in 36ms (Views: 34.4ms | ActiveRecord: 0.1ms | Allocations: 2659)


  
ActionController::RoutingError (No route matches [GET] "/assets/tailwindcss"):
  
Started GET "/facturas" for ::1 at 2025-06-27 18:16:27 -0600
  
ActionController::RoutingError (uninitialized constant FacturasController):
  
Started GET "/facturas" for ::1 at 2025-06-27 18:16:28 -0600
  
ActionController::RoutingError (uninitialized constant FacturasController):
  
Started GET "/facturas" for ::1 at 2025-06-27 18:17:49 -0600
  
ActionController::RoutingError (uninitialized constant FacturasController):
  
Started GET "/" for ::1 at 2025-06-27 18:29:41 -0600
  [1m[36mActiveRecord::SchemaMigration Load (0.6ms)[0m  [1m[34mSELECT "schema_migrations"."version" FROM "schema_migrations" ORDER BY "schema_migrations"."version" ASC[0m
Processing by ProductosController#index as HTML
  Rendering layout layouts/application.html.erb
  Rendering productos/index.html.erb within layouts/application
  [1m[36mProducto Load (0.6ms)[0m  [1m[34mSELECT "productos".* FROM "productos"[0m
  ↳ app/views/productos/index.html.erb:14
  Rendered productos/index.html.erb within layouts/application (Duration: 14.8ms | Allocations: 1320)
  Rendered layout layouts/application.html.erb (Duration: 283.4ms | Allocations: 24904)
Completed 200 OK in 550ms (Views: 320.7ms | ActiveRecord: 11.3ms | Allocations: 37560)


  
ActionController::RoutingError (No route matches [GET] "/assets/tailwindcss"):
  
Started GET "/facturas" for ::1 at 2025-06-27 18:29:44 -0600
Processing by FacturasController#index as HTML
  Rendering layout layouts/application.html.erb
  Rendering facturas/index.html.erb within layouts/application
  [1m[36mCliente Load (0.4ms)[0m  [1m[34mSELECT "clientes".* FROM "clientes"[0m
  ↳ app/views/facturas/index.html.erb:6
  [1m[36mProducto Load (0.3ms)[0m  [1m[34mSELECT "productos".* FROM "productos"[0m
  ↳ app/views/facturas/index.html.erb:11
  Rendered facturas/index.html.erb within layouts/application (Duration: 183.0ms | Allocations: 5556)
  Rendered layout layouts/application.html.erb (Duration: 217.2ms | Allocations: 7346)
Completed 200 OK in 243ms (Views: 241.8ms | ActiveRecord: 0.6ms | Allocations: 7767)


Started GET "/tasas" for ::1 at 2025-06-27 18:29:45 -0600
Started GET "/facturas" for ::1 at 2025-06-27 18:29:45 -0600
Processing by TasasController#index as HTML
  Rendering layout layouts/application.html.erb
  Rendering tasas/index.html.erb within layouts/application
  [1m[36mTasa Load (0.3ms)[0m  [1m[34mSELECT "tasas".* FROM "tasas"[0m
  ↳ app/views/tasas/index.html.erb:6
  Rendered tasas/index.html.erb within layouts/application (Duration: 7.6ms | Allocations: 946)
  Rendered layout layouts/application.html.erb (Duration: 33.6ms | Allocations: 2791)
Completed 200 OK in 84ms (Views: 56.5ms | ActiveRecord: 0.3ms | Allocations: 4298)


Processing by FacturasController#index as HTML
  Rendering layout layouts/application.html.erb
  Rendering facturas/index.html.erb within layouts/application
  [1m[36mCliente Load (0.2ms)[0m  [1m[34mSELECT "clientes".* FROM "clientes"[0m
  ↳ app/views/facturas/index.html.erb:6
  [1m[36mProducto Load (0.1ms)[0m  [1m[34mSELECT "productos".* FROM "productos"[0m
  ↳ app/views/facturas/index.html.erb:11
  Rendered facturas/index.html.erb within layouts/application (Duration: 8.5ms | Allocations: 2242)
  Rendered layout layouts/application.html.erb (Duration: 19.9ms | Allocations: 4010)
Completed 200 OK in 23ms (Views: 22.1ms | ActiveRecord: 0.3ms | Allocations: 4248)


Started POST "/facturas" for ::1 at 2025-06-27 18:29:50 -0600
Processing by FacturasController#create as TURBO_STREAM
  Parameters: {"authenticity_token"=>"[FILTERED]", "cliente_id"=>"", "commit"=>"Crear Factura"}
Completed 400 Bad Request in 48ms (ActiveRecord: 0.0ms | Allocations: 2290)


  
ActionController::ParameterMissing (param is missing or the value is empty: factura):
  
app/controllers/facturas_controller.rb:40:in `factura_params'
app/controllers/facturas_controller.rb:3:in `create'
Started GET "/facturas" for ::1 at 2025-06-27 18:29:50 -0600
Processing by FacturasController#index as HTML
  Rendering layout layouts/application.html.erb
  Rendering facturas/index.html.erb within layouts/application
  [1m[36mCliente Load (0.1ms)[0m  [1m[34mSELECT "clientes".* FROM "clientes"[0m
  ↳ app/views/facturas/index.html.erb:6
  [1m[36mProducto Load (0.1ms)[0m  [1m[34mSELECT "productos".* FROM "productos"[0m
  ↳ app/views/facturas/index.html.erb:11
  Rendered facturas/index.html.erb within layouts/application (Duration: 4.9ms | Allocations: 2234)
  Rendered layout layouts/application.html.erb (Duration: 23.5ms | Allocations: 4017)
Completed 200 OK in 25ms (Views: 24.4ms | ActiveRecord: 0.2ms | Allocations: 4255)


  
ActionController::RoutingError (No route matches [GET] "/assets/tailwindcss"):
  
Started GET "/movimientos" for ::1 at 2025-06-27 18:29:58 -0600
Processing by MovimientosController#index as HTML
Started GET "/productos" for ::1 at 2025-06-27 18:29:58 -0600
  Rendering layout layouts/application.html.erb
  Rendering movimientos/index.html.erb within layouts/application
  [1m[36mMovimiento Load (0.4ms)[0m  [1m[34mSELECT "movimientos".* FROM "movimientos" ORDER BY "movimientos"."created_at" DESC[0m
  ↳ app/views/movimientos/index.html.erb:3
  Rendered movimientos/index.html.erb within layouts/application (Duration: 59.6ms | Allocations: 1323)
  Rendered layout layouts/application.html.erb (Duration: 87.0ms | Allocations: 3411)
Completed 200 OK in 117ms (Views: 99.9ms | ActiveRecord: 0.7ms | Allocations: 6128)


Processing by ProductosController#index as HTML
  Rendering layout layouts/application.html.erb
  Rendering productos/index.html.erb within layouts/application
  [1m[36mProducto Load (0.1ms)[0m  [1m[34mSELECT "productos".* FROM "productos"[0m
  ↳ app/views/productos/index.html.erb:14
  Rendered productos/index.html.erb within layouts/application (Duration: 2.3ms | Allocations: 367)
  Rendered layout layouts/application.html.erb (Duration: 17.1ms | Allocations: 2379)
Completed 200 OK in 19ms (Views: 18.3ms | ActiveRecord: 0.1ms | Allocations: 2630)


Started GET "/movimientos" for ::1 at 2025-06-27 18:29:59 -0600
Processing by MovimientosController#index as HTML
  Rendering layout layouts/application.html.erb
  Rendering movimientos/index.html.erb within layouts/application
  [1m[36mMovimiento Load (0.2ms)[0m  [1m[34mSELECT "movimientos".* FROM "movimientos" ORDER BY "movimientos"."created_at" DESC[0m
  ↳ app/views/movimientos/index.html.erb:3
  Rendered movimientos/index.html.erb within layouts/application (Duration: 2.6ms | Allocations: 413)
  Rendered layout layouts/application.html.erb (Duration: 19.0ms | Allocations: 2419)
Completed 200 OK in 22ms (Views: 20.8ms | ActiveRecord: 0.2ms | Allocations: 2701)


Started GET "/clientes" for ::1 at 2025-06-27 18:29:59 -0600
Processing by ClientesController#index as HTML
  Rendering layout layouts/application.html.erb
  Rendering clientes/index.html.erb within layouts/application
  [1m[36mCliente Load (0.1ms)[0m  [1m[34mSELECT "clientes".* FROM "clientes"[0m
  ↳ app/views/clientes/index.html.erb:6
  Rendered clientes/index.html.erb within layouts/application (Duration: 4.1ms | Allocations: 846)
  Rendered layout layouts/application.html.erb (Duration: 12.7ms | Allocations: 2619)
Completed 200 OK in 23ms (Views: 20.0ms | ActiveRecord: 0.1ms | Allocations: 3155)


Started GET "/tasas" for ::1 at 2025-06-27 18:29:59 -0600
Processing by TasasController#index as HTML
  Rendering layout layouts/application.html.erb
  Rendering tasas/index.html.erb within layouts/application
  [1m[36mTasa Load (0.2ms)[0m  [1m[34mSELECT "tasas".* FROM "tasas"[0m
  ↳ app/views/tasas/index.html.erb:6
  Rendered tasas/index.html.erb within layouts/application (Duration: 2.6ms | Allocations: 635)
  Rendered layout layouts/application.html.erb (Duration: 16.3ms | Allocations: 2395)
Completed 200 OK in 19ms (Views: 18.1ms | ActiveRecord: 0.1ms | Allocations: 2646)


Started GET "/facturas" for ::1 at 2025-06-27 18:30:00 -0600
Processing by FacturasController#index as HTML
  Rendering layout layouts/application.html.erb
  Rendering facturas/index.html.erb within layouts/application
  [1m[36mCliente Load (0.1ms)[0m  [1m[34mSELECT "clientes".* FROM "clientes"[0m
  ↳ app/views/facturas/index.html.erb:6
  [1m[36mProducto Load (0.1ms)[0m  [1m[34mSELECT "productos".* FROM "productos"[0m
  ↳ app/views/facturas/index.html.erb:11
  Rendered facturas/index.html.erb within layouts/application (Duration: 3.6ms | Allocations: 2246)
  Rendered layout layouts/application.html.erb (Duration: 14.3ms | Allocations: 4013)
Completed 200 OK in 16ms (Views: 15.7ms | ActiveRecord: 0.1ms | Allocations: 4250)


Started GET "/productos" for ::1 at 2025-06-27 18:30:01 -0600
Processing by ProductosController#index as HTML
  Rendering layout layouts/application.html.erb
  Rendering productos/index.html.erb within layouts/application
  [1m[36mProducto Load (0.1ms)[0m  [1m[34mSELECT "productos".* FROM "productos"[0m
  ↳ app/views/productos/index.html.erb:14
  Rendered productos/index.html.erb within layouts/application (Duration: 2.2ms | Allocations: 366)
  Rendered layout layouts/application.html.erb (Duration: 30.1ms | Allocations: 2372)
Completed 200 OK in 32ms (Views: 31.4ms | ActiveRecord: 0.1ms | Allocations: 2622)


Started GET "/movimientos" for ::1 at 2025-06-27 18:30:02 -0600
Processing by MovimientosController#index as HTML
  Rendering layout layouts/application.html.erb
  Rendering movimientos/index.html.erb within layouts/application
  [1m[36mMovimiento Load (0.3ms)[0m  [1m[34mSELECT "movimientos".* FROM "movimientos" ORDER BY "movimientos"."created_at" DESC[0m
  ↳ app/views/movimientos/index.html.erb:3
  Rendered movimientos/index.html.erb within layouts/application (Duration: 3.1ms | Allocations: 413)
  Rendered layout layouts/application.html.erb (Duration: 22.6ms | Allocations: 2413)
Completed 200 OK in 27ms (Views: 25.3ms | ActiveRecord: 0.2ms | Allocations: 2695)


Started GET "/clientes" for ::1 at 2025-06-27 18:30:02 -0600
Processing by ClientesController#index as HTML
  Rendering layout layouts/application.html.erb
  Rendering clientes/index.html.erb within layouts/application
  [1m[36mCliente Load (0.2ms)[0m  [1m[34mSELECT "clientes".* FROM "clientes"[0m
  ↳ app/views/clientes/index.html.erb:6
  Rendered clientes/index.html.erb within layouts/application (Duration: 3.7ms | Allocations: 625)
  Rendered layout layouts/application.html.erb (Duration: 16.4ms | Allocations: 2385)
Completed 200 OK in 19ms (Views: 18.2ms | ActiveRecord: 0.4ms | Allocations: 2635)


Started GET "/tasas" for ::1 at 2025-06-27 18:30:02 -0600
Processing by TasasController#index as HTML
  Rendering layout layouts/application.html.erb
  Rendering tasas/index.html.erb within layouts/application
  [1m[36mTasa Load (0.1ms)[0m  [1m[34mSELECT "tasas".* FROM "tasas"[0m
  ↳ app/views/tasas/index.html.erb:6
  Rendered tasas/index.html.erb within layouts/application (Duration: 2.4ms | Allocations: 625)
  Rendered layout layouts/application.html.erb (Duration: 13.4ms | Allocations: 2385)
Completed 200 OK in 16ms (Views: 15.1ms | ActiveRecord: 0.1ms | Allocations: 2635)


Started GET "/tasas" for ::1 at 2025-06-27 18:30:03 -0600
Processing by TasasController#index as HTML
  Rendering layout layouts/application.html.erb
  Rendering tasas/index.html.erb within layouts/application
  [1m[36mTasa Load (0.1ms)[0m  [1m[34mSELECT "tasas".* FROM "tasas"[0m
  ↳ app/views/tasas/index.html.erb:6
  Rendered tasas/index.html.erb within layouts/application (Duration: 2.7ms | Allocations: 619)
  Rendered layout layouts/application.html.erb (Duration: 17.0ms | Allocations: 2379)
Completed 200 OK in 19ms (Views: 18.9ms | ActiveRecord: 0.1ms | Allocations: 2629)


Started GET "/productos" for ::1 at 2025-06-27 18:30:04 -0600
Processing by ProductosController#index as HTML
  Rendering layout layouts/application.html.erb
  Rendering productos/index.html.erb within layouts/application
  [1m[36mProducto Load (0.1ms)[0m  [1m[34mSELECT "productos".* FROM "productos"[0m
  ↳ app/views/productos/index.html.erb:14
  Rendered productos/index.html.erb within layouts/application (Duration: 2.2ms | Allocations: 366)
  Rendered layout layouts/application.html.erb (Duration: 11.8ms | Allocations: 2369)
Completed 200 OK in 14ms (Views: 13.7ms | ActiveRecord: 0.1ms | Allocations: 2619)


Started GET "/productos" for ::1 at 2025-06-27 18:34:24 -0600
Processing by ProductosController#index as HTML
  Rendering layout layouts/application.html.erb
  Rendering productos/index.html.erb within layouts/application
  [1m[36mProducto Load (0.2ms)[0m  [1m[34mSELECT "productos".* FROM "productos"[0m
  ↳ app/views/productos/index.html.erb:14
  Rendered productos/index.html.erb within layouts/application (Duration: 8.6ms | Allocations: 1050)
  Rendered layout layouts/application.html.erb (Duration: 25.3ms | Allocations: 3588)
Completed 200 OK in 128ms (Views: 116.4ms | ActiveRecord: 5.9ms | Allocations: 6080)


  
ActionController::RoutingError (No route matches [GET] "/assets/tailwindcss"):
  
Started GET "/productos" for ::1 at 2025-06-27 18:34:48 -0600
  [1m[36mActiveRecord::SchemaMigration Load (0.2ms)[0m  [1m[34mSELECT "schema_migrations"."version" FROM "schema_migrations" ORDER BY "schema_migrations"."version" ASC[0m
Processing by ProductosController#index as HTML
  Rendering layout layouts/application.html.erb
  Rendering productos/index.html.erb within layouts/application
  [1m[36mProducto Load (0.1ms)[0m  [1m[34mSELECT "productos".* FROM "productos"[0m
  ↳ app/views/productos/index.html.erb:14
  Rendered productos/index.html.erb within layouts/application (Duration: 5.8ms | Allocations: 1320)
  Rendered layout layouts/application.html.erb (Duration: 125.5ms | Allocations: 24802)
Completed 200 OK in 200ms (Views: 132.9ms | ActiveRecord: 4.1ms | Allocations: 37458)


  
ActionController::RoutingError (No route matches [GET] "/assets/tailwindcss"):
  
Started GET "/.well-known/appspecific/com.chrome.devtools.json" for ::1 at 2025-06-27 18:35:35 -0600
  
ActionController::RoutingError (No route matches [GET] "/assets/tailwindcss"):
  
  
ActionController::RoutingError (No route matches [GET] "/.well-known/appspecific/com.chrome.devtools.json"):
  
Started GET "/productos" for ::1 at 2025-06-27 18:36:41 -0600
Processing by ProductosController#index as HTML
  Rendering layout layouts/application.html.erb
  Rendering productos/index.html.erb within layouts/application
  [1m[36mProducto Load (0.3ms)[0m  [1m[34mSELECT "productos".* FROM "productos"[0m
  ↳ app/views/productos/index.html.erb:14
  Rendered productos/index.html.erb within layouts/application (Duration: 11.6ms | Allocations: 1052)
  Rendered layout layouts/application.html.erb (Duration: 46.2ms | Allocations: 3612)
Completed 200 OK in 92ms (Views: 62.0ms | ActiveRecord: 8.4ms | Allocations: 6102)


  
ActionController::RoutingError (No route matches [GET] "/assets/tailwindcss"):
  
Started GET "/movimientos" for ::1 at 2025-06-27 18:36:47 -0600
Processing by MovimientosController#index as HTML
  Rendering layout layouts/application.html.erb
  Rendering movimientos/index.html.erb within layouts/application
  [1m[36mMovimiento Load (0.3ms)[0m  [1m[34mSELECT "movimientos".* FROM "movimientos" ORDER BY "movimientos"."created_at" DESC[0m
  ↳ app/views/movimientos/index.html.erb:3
  Rendered movimientos/index.html.erb within layouts/application (Duration: 14.5ms | Allocations: 1278)
  Rendered layout layouts/application.html.erb (Duration: 24.6ms | Allocations: 3303)
Completed 200 OK in 42ms (Views: 29.0ms | ActiveRecord: 0.5ms | Allocations: 5884)


Started GET "/productos" for ::1 at 2025-06-27 18:36:48 -0600
Processing by ProductosController#index as HTML
  Rendering layout layouts/application.html.erb
  Rendering productos/index.html.erb within layouts/application
  [1m[36mProducto Load (0.1ms)[0m  [1m[34mSELECT "productos".* FROM "productos"[0m
  ↳ app/views/productos/index.html.erb:14
  Rendered productos/index.html.erb within layouts/application (Duration: 2.0ms | Allocations: 373)
  Rendered layout layouts/application.html.erb (Duration: 15.7ms | Allocations: 2376)
Completed 200 OK in 18ms (Views: 17.0ms | ActiveRecord: 0.1ms | Allocations: 2631)


Started GET "/movimientos" for ::1 at 2025-06-27 18:36:51 -0600
Processing by MovimientosController#index as HTML
  Rendering layout layouts/application.html.erb
  Rendering movimientos/index.html.erb within layouts/application
  [1m[36mMovimiento Load (0.3ms)[0m  [1m[34mSELECT "movimientos".* FROM "movimientos" ORDER BY "movimientos"."created_at" DESC[0m
  ↳ app/views/movimientos/index.html.erb:3
  Rendered movimientos/index.html.erb within layouts/application (Duration: 3.0ms | Allocations: 417)
  Rendered layout layouts/application.html.erb (Duration: 18.9ms | Allocations: 2418)
Completed 200 OK in 22ms (Views: 20.8ms | ActiveRecord: 0.2ms | Allocations: 2706)


Started GET "/clientes" for ::1 at 2025-06-27 18:36:52 -0600
Processing by ClientesController#index as HTML
  Rendering layout layouts/application.html.erb
  Rendering clientes/index.html.erb within layouts/application
  [1m[36mCliente Load (0.4ms)[0m  [1m[34mSELECT "clientes".* FROM "clientes"[0m
  ↳ app/views/clientes/index.html.erb:6
  Rendered clientes/index.html.erb within layouts/application (Duration: 8.0ms | Allocations: 938)
  Rendered layout layouts/application.html.erb (Duration: 15.0ms | Allocations: 2712)
Completed 200 OK in 43ms (Views: 28.6ms | ActiveRecord: 0.4ms | Allocations: 4125)


Started GET "/tasas" for ::1 at 2025-06-27 18:36:55 -0600
Processing by TasasController#index as HTML
  Rendering layout layouts/application.html.erb
  Rendering tasas/index.html.erb within layouts/application
  [1m[36mTasa Load (0.4ms)[0m  [1m[34mSELECT "tasas".* FROM "tasas"[0m
  ↳ app/views/tasas/index.html.erb:6
  Rendered tasas/index.html.erb within layouts/application (Duration: 6.9ms | Allocations: 938)
  Rendered layout layouts/application.html.erb (Duration: 23.6ms | Allocations: 2712)
Completed 200 OK in 41ms (Views: 30.4ms | ActiveRecord: 0.3ms | Allocations: 4110)


Started GET "/facturas" for ::1 at 2025-06-27 18:36:56 -0600
Processing by FacturasController#index as HTML
  Rendering layout layouts/application.html.erb
  Rendering facturas/index.html.erb within layouts/application
  [1m[36mCliente Load (0.2ms)[0m  [1m[34mSELECT "clientes".* FROM "clientes"[0m
  ↳ app/views/facturas/index.html.erb:6
  [1m[36mProducto Load (0.1ms)[0m  [1m[34mSELECT "productos".* FROM "productos"[0m
  ↳ app/views/facturas/index.html.erb:11
  Rendered facturas/index.html.erb within layouts/application (Duration: 27.7ms | Allocations: 3988)
  Rendered layout layouts/application.html.erb (Duration: 55.2ms | Allocations: 5765)
Completed 200 OK in 62ms (Views: 61.2ms | ActiveRecord: 0.3ms | Allocations: 6182)


Started GET "/facturas" for ::1 at 2025-06-27 18:37:02 -0600
Processing by FacturasController#index as HTML
  Rendering layout layouts/application.html.erb
  Rendering facturas/index.html.erb within layouts/application
  [1m[36mCliente Load (0.3ms)[0m  [1m[34mSELECT "clientes".* FROM "clientes"[0m
  ↳ app/views/facturas/index.html.erb:6
  [1m[36mProducto Load (0.2ms)[0m  [1m[34mSELECT "productos".* FROM "productos"[0m
  ↳ app/views/facturas/index.html.erb:11
  Rendered facturas/index.html.erb within layouts/application (Duration: 8.0ms | Allocations: 2240)
  Rendered layout layouts/application.html.erb (Duration: 28.6ms | Allocations: 4009)
Completed 200 OK in 32ms (Views: 30.9ms | ActiveRecord: 0.4ms | Allocations: 4246)


Started GET "/tasas" for ::1 at 2025-06-27 18:37:03 -0600
Started GET "/clientes" for ::1 at 2025-06-27 18:37:03 -0600
Processing by TasasController#index as HTML
  Rendering layout layouts/application.html.erb
  Rendering tasas/index.html.erb within layouts/application
  [1m[36mTasa Load (0.1ms)[0m  [1m[34mSELECT "tasas".* FROM "tasas"[0m
  ↳ app/views/tasas/index.html.erb:6
  Rendered tasas/index.html.erb within layouts/application (Duration: 3.5ms | Allocations: 631)
  Rendered layout layouts/application.html.erb (Duration: 46.2ms | Allocations: 2424)
Completed 200 OK in 52ms (Views: 51.2ms | ActiveRecord: 0.1ms | Allocations: 2677)


Started GET "/movimientos" for ::1 at 2025-06-27 18:37:03 -0600
Processing by ClientesController#index as HTML
  Rendering layout layouts/application.html.erb
  Rendering clientes/index.html.erb within layouts/application
  [1m[36mCliente Load (0.2ms)[0m  [1m[34mSELECT "clientes".* FROM "clientes"[0m
  ↳ app/views/clientes/index.html.erb:6
  Rendered clientes/index.html.erb within layouts/application (Duration: 3.7ms | Allocations: 629)
  Rendered layout layouts/application.html.erb (Duration: 21.2ms | Allocations: 2467)
Completed 200 OK in 25ms (Views: 24.0ms | ActiveRecord: 0.2ms | Allocations: 2721)


Processing by MovimientosController#index as HTML
  Rendering layout layouts/application.html.erb
  Rendering movimientos/index.html.erb within layouts/application
  [1m[36mMovimiento Load (0.1ms)[0m  [1m[34mSELECT "movimientos".* FROM "movimientos" ORDER BY "movimientos"."created_at" DESC[0m
  ↳ app/views/movimientos/index.html.erb:3
  Rendered movimientos/index.html.erb within layouts/application (Duration: 2.3ms | Allocations: 414)
  Rendered layout layouts/application.html.erb (Duration: 11.6ms | Allocations: 2402)
Completed 200 OK in 14ms (Views: 13.2ms | ActiveRecord: 0.1ms | Allocations: 2685)


Started GET "/productos" for ::1 at 2025-06-27 18:37:05 -0600
Processing by ProductosController#index as HTML
  Rendering layout layouts/application.html.erb
  Rendering productos/index.html.erb within layouts/application
  [1m[36mProducto Load (0.2ms)[0m  [1m[34mSELECT "productos".* FROM "productos"[0m
  ↳ app/views/productos/index.html.erb:14
  Rendered productos/index.html.erb within layouts/application (Duration: 2.6ms | Allocations: 366)
  Rendered layout layouts/application.html.erb (Duration: 23.9ms | Allocations: 2372)
Completed 200 OK in 26ms (Views: 25.9ms | ActiveRecord: 0.1ms | Allocations: 2622)


Started GET "/movimientos" for ::1 at 2025-06-27 18:37:08 -0600
Processing by MovimientosController#index as HTML
  Rendering layout layouts/application.html.erb
  Rendering movimientos/index.html.erb within layouts/application
  [1m[36mMovimiento Load (0.1ms)[0m  [1m[34mSELECT "movimientos".* FROM "movimientos" ORDER BY "movimientos"."created_at" DESC[0m
  ↳ app/views/movimientos/index.html.erb:3
  Rendered movimientos/index.html.erb within layouts/application (Duration: 1.4ms | Allocations: 413)
  Rendered layout layouts/application.html.erb (Duration: 8.5ms | Allocations: 2413)
Completed 200 OK in 10ms (Views: 9.7ms | ActiveRecord: 0.1ms | Allocations: 2695)


Started GET "/" for ::1 at 2025-06-27 18:45:57 -0600
  [1m[36mActiveRecord::SchemaMigration Load (0.2ms)[0m  [1m[34mSELECT "schema_migrations"."version" FROM "schema_migrations" ORDER BY "schema_migrations"."version" ASC[0m
Processing by ProductosController#index as HTML
  Rendering layout layouts/application.html.erb
  Rendering productos/index.html.erb within layouts/application
  [1m[36mProducto Load (0.1ms)[0m  [1m[34mSELECT "productos".* FROM "productos"[0m
  ↳ app/views/productos/index.html.erb:14
  Rendered productos/index.html.erb within layouts/application (Duration: 5.0ms | Allocations: 1320)
  Rendered layout layouts/application.html.erb (Duration: 164.3ms | Allocations: 25805)
Completed 200 OK in 224ms (Views: 172.8ms | ActiveRecord: 2.8ms | Allocations: 38461)


  
ActionController::RoutingError (No route matches [GET] "/assets/tailwindcss"):
  
Started GET "/" for ::1 at 2025-06-27 18:47:32 -0600
Processing by ProductosController#index as HTML
  Rendering layout layouts/application.html.erb
  Rendering productos/index.html.erb within layouts/application
  [1m[36mProducto Load (0.2ms)[0m  [1m[34mSELECT "productos".* FROM "productos"[0m
  ↳ app/views/productos/index.html.erb:14
  Rendered productos/index.html.erb within layouts/application (Duration: 8.6ms | Allocations: 1052)
  Rendered layout layouts/application.html.erb (Duration: 135.7ms | Allocations: 5189)
Completed 200 OK in 287ms (Views: 258.2ms | ActiveRecord: 6.0ms | Allocations: 7682)


Started GET "/tasas" for ::1 at 2025-06-27 18:47:35 -0600
Processing by TasasController#index as HTML
  Rendering layout layouts/application.html.erb
  Rendering tasas/index.html.erb within layouts/application
  [1m[36mTasa Load (0.2ms)[0m  [1m[34mSELECT "tasas".* FROM "tasas"[0m
  ↳ app/views/tasas/index.html.erb:6
  Rendered tasas/index.html.erb within layouts/application (Duration: 5.3ms | Allocations: 946)
  Rendered layout layouts/application.html.erb (Duration: 16.0ms | Allocations: 2721)
Completed 200 OK in 34ms (Views: 22.9ms | ActiveRecord: 0.2ms | Allocations: 4114)


Started GET "/movimientos" for ::1 at 2025-06-27 18:47:36 -0600
Started GET "/productos" for ::1 at 2025-06-27 18:47:36 -0600
Processing by MovimientosController#index as HTML
  Rendering layout layouts/application.html.erb
  Rendering movimientos/index.html.erb within layouts/application
  [1m[36mMovimiento Load (0.3ms)[0m  [1m[34mSELECT "movimientos".* FROM "movimientos" ORDER BY "movimientos"."created_at" DESC[0m
  ↳ app/views/movimientos/index.html.erb:3
  Rendered movimientos/index.html.erb within layouts/application (Duration: 22.1ms | Allocations: 1370)
  Rendered layout layouts/application.html.erb (Duration: 80.1ms | Allocations: 3454)
Completed 200 OK in 153ms (Views: 97.0ms | ActiveRecord: 0.8ms | Allocations: 6137)


Processing by ProductosController#index as HTML
  Rendering layout layouts/application.html.erb
  Rendering productos/index.html.erb within layouts/application
  [1m[36mProducto Load (0.1ms)[0m  [1m[34mSELECT "productos".* FROM "productos"[0m
  ↳ app/views/productos/index.html.erb:14
  Rendered productos/index.html.erb within layouts/application (Duration: 2.5ms | Allocations: 373)
  Rendered layout layouts/application.html.erb (Duration: 14.8ms | Allocations: 2394)
Completed 200 OK in 17ms (Views: 16.5ms | ActiveRecord: 0.1ms | Allocations: 2651)


Started GET "/facturas" for ::1 at 2025-06-27 18:47:36 -0600
Processing by FacturasController#index as HTML
  Rendering layout layouts/application.html.erb
  Rendering facturas/index.html.erb within layouts/application
  [1m[36mCliente Load (0.5ms)[0m  [1m[34mSELECT "clientes".* FROM "clientes"[0m
  ↳ app/views/facturas/index.html.erb:6
  [1m[36mProducto Load (0.1ms)[0m  [1m[34mSELECT "productos".* FROM "productos"[0m
  ↳ app/views/facturas/index.html.erb:11
  Rendered facturas/index.html.erb within layouts/application (Duration: 47.9ms | Allocations: 4955)
  Rendered layout layouts/application.html.erb (Duration: 61.1ms | Allocations: 6728)
Completed 200 OK in 72ms (Views: 70.7ms | ActiveRecord: 0.6ms | Allocations: 7146)


Started GET "/" for ::1 at 2025-06-27 18:49:45 -0600
  [1m[36mActiveRecord::SchemaMigration Load (0.2ms)[0m  [1m[34mSELECT "schema_migrations"."version" FROM "schema_migrations" ORDER BY "schema_migrations"."version" ASC[0m
Processing by ProductosController#index as HTML
  Rendering layout layouts/application.html.erb
  Rendering productos/index.html.erb within layouts/application
  [1m[36mProducto Load (0.2ms)[0m  [1m[34mSELECT "productos".* FROM "productos"[0m
  ↳ app/views/productos/index.html.erb:14
  Rendered productos/index.html.erb within layouts/application (Duration: 10.7ms | Allocations: 1320)
  Rendered layout layouts/application.html.erb (Duration: 263.1ms | Allocations: 30106)
Completed 200 OK in 424ms (Views: 361.3ms | ActiveRecord: 8.8ms | Allocations: 42760)


Started GET "/tasas" for ::1 at 2025-06-27 18:49:52 -0600
Processing by TasasController#index as HTML
  Rendering layout layouts/application.html.erb
  Rendering tasas/index.html.erb within layouts/application
  [1m[36mTasa Load (0.4ms)[0m  [1m[34mSELECT "tasas".* FROM "tasas"[0m
  ↳ app/views/tasas/index.html.erb:6
  Rendered tasas/index.html.erb within layouts/application (Duration: 6.6ms | Allocations: 944)
  Rendered layout layouts/application.html.erb (Duration: 22.5ms | Allocations: 2723)
Completed 200 OK in 55ms (Views: 32.1ms | ActiveRecord: 0.4ms | Allocations: 4121)


Started GET "/clientes" for ::1 at 2025-06-27 18:49:55 -0600
Processing by ClientesController#index as HTML
  Rendering layout layouts/application.html.erb
  Rendering clientes/index.html.erb within layouts/application
  [1m[36mCliente Load (0.3ms)[0m  [1m[34mSELECT "clientes".* FROM "clientes"[0m
  ↳ app/views/clientes/index.html.erb:6
  Rendered clientes/index.html.erb within layouts/application (Duration: 7.8ms | Allocations: 921)
  Rendered layout layouts/application.html.erb (Duration: 21.6ms | Allocations: 2694)
Completed 200 OK in 50ms (Views: 34.2ms | ActiveRecord: 0.3ms | Allocations: 4112)


Started GET "/movimientos" for ::1 at 2025-06-27 18:49:55 -0600
Processing by MovimientosController#index as HTML
  Rendering layout layouts/application.html.erb
  Rendering movimientos/index.html.erb within layouts/application
  [1m[36mMovimiento Load (0.3ms)[0m  [1m[34mSELECT "movimientos".* FROM "movimientos" ORDER BY "movimientos"."created_at" DESC[0m
  ↳ app/views/movimientos/index.html.erb:3
  Rendered movimientos/index.html.erb within layouts/application (Duration: 17.6ms | Allocations: 1278)
  Rendered layout layouts/application.html.erb (Duration: 40.3ms | Allocations: 3281)
Completed 200 OK in 69ms (Views: 44.9ms | ActiveRecord: 0.5ms | Allocations: 5846)


Started GET "/productos" for ::1 at 2025-06-27 18:49:56 -0600
Processing by ProductosController#index as HTML
  Rendering layout layouts/application.html.erb
  Rendering productos/index.html.erb within layouts/application
  [1m[36mProducto Load (0.1ms)[0m  [1m[34mSELECT "productos".* FROM "productos"[0m
  ↳ app/views/productos/index.html.erb:14
  Rendered productos/index.html.erb within layouts/application (Duration: 2.8ms | Allocations: 367)
  Rendered layout layouts/application.html.erb (Duration: 19.7ms | Allocations: 2353)
Completed 200 OK in 23ms (Views: 22.6ms | ActiveRecord: 0.1ms | Allocations: 2604)


Started GET "/movimientos" for ::1 at 2025-06-27 18:49:58 -0600
Processing by MovimientosController#index as HTML
  Rendering layout layouts/application.html.erb
  Rendering movimientos/index.html.erb within layouts/application
  [1m[36mMovimiento Load (0.2ms)[0m  [1m[34mSELECT "movimientos".* FROM "movimientos" ORDER BY "movimientos"."created_at" DESC[0m
  ↳ app/views/movimientos/index.html.erb:3
  Rendered movimientos/index.html.erb within layouts/application (Duration: 1.9ms | Allocations: 417)
  Rendered layout layouts/application.html.erb (Duration: 11.0ms | Allocations: 2398)
Completed 200 OK in 13ms (Views: 12.5ms | ActiveRecord: 0.1ms | Allocations: 2688)


Started GET "/clientes" for ::1 at 2025-06-27 18:49:59 -0600
Processing by ClientesController#index as HTML
  Rendering layout layouts/application.html.erb
  Rendering clientes/index.html.erb within layouts/application
  [1m[36mCliente Load (0.5ms)[0m  [1m[34mSELECT "clientes".* FROM "clientes"[0m
  ↳ app/views/clientes/index.html.erb:6
  Rendered clientes/index.html.erb within layouts/application (Duration: 6.8ms | Allocations: 629)
  Rendered layout layouts/application.html.erb (Duration: 46.5ms | Allocations: 2370)
Completed 200 OK in 50ms (Views: 48.9ms | ActiveRecord: 0.4ms | Allocations: 2627)


Started GET "/tasas" for ::1 at 2025-06-27 18:50:00 -0600
Processing by TasasController#index as HTML
  Rendering layout layouts/application.html.erb
  Rendering tasas/index.html.erb within layouts/application
  [1m[36mTasa Load (0.1ms)[0m  [1m[34mSELECT "tasas".* FROM "tasas"[0m
  ↳ app/views/tasas/index.html.erb:6
  Rendered tasas/index.html.erb within layouts/application (Duration: 2.2ms | Allocations: 632)
  Rendered layout layouts/application.html.erb (Duration: 7.4ms | Allocations: 2372)
Completed 200 OK in 9ms (Views: 8.4ms | ActiveRecord: 0.1ms | Allocations: 2623)


Started GET "/facturas" for ::1 at 2025-06-27 18:50:02 -0600
Processing by FacturasController#index as HTML
  Rendering layout layouts/application.html.erb
  Rendering facturas/index.html.erb within layouts/application
  [1m[36mCliente Load (0.2ms)[0m  [1m[34mSELECT "clientes".* FROM "clientes"[0m
  ↳ app/views/facturas/index.html.erb:6
  [1m[36mProducto Load (0.2ms)[0m  [1m[34mSELECT "productos".* FROM "productos"[0m
  ↳ app/views/facturas/index.html.erb:11
  Rendered facturas/index.html.erb within layouts/application (Duration: 26.1ms | Allocations: 3988)
  Rendered layout layouts/application.html.erb (Duration: 45.4ms | Allocations: 5741)
Completed 200 OK in 58ms (Views: 56.5ms | ActiveRecord: 0.4ms | Allocations: 6158)


Started GET "/movimientos" for ::1 at 2025-06-27 18:50:02 -0600
Processing by MovimientosController#index as HTML
  Rendering layout layouts/application.html.erb
  Rendering movimientos/index.html.erb within layouts/application
  [1m[36mMovimiento Load (0.2ms)[0m  [1m[34mSELECT "movimientos".* FROM "movimientos" ORDER BY "movimientos"."created_at" DESC[0m
  ↳ app/views/movimientos/index.html.erb:3
  Rendered movimientos/index.html.erb within layouts/application (Duration: 2.9ms | Allocations: 413)
  Rendered layout layouts/application.html.erb (Duration: 26.0ms | Allocations: 2399)
Completed 200 OK in 29ms (Views: 28.3ms | ActiveRecord: 0.2ms | Allocations: 2681)


Started GET "/productos" for ::1 at 2025-06-27 18:50:02 -0600
Processing by ProductosController#index as HTML
  Rendering layout layouts/application.html.erb
  Rendering productos/index.html.erb within layouts/application
  [1m[36mProducto Load (0.1ms)[0m  [1m[34mSELECT "productos".* FROM "productos"[0m
  ↳ app/views/productos/index.html.erb:14
  Rendered productos/index.html.erb within layouts/application (Duration: 7.0ms | Allocations: 366)
  Rendered layout layouts/application.html.erb (Duration: 30.0ms | Allocations: 2340)
Completed 200 OK in 34ms (Views: 33.4ms | ActiveRecord: 0.1ms | Allocations: 2590)


